Running with dbt=1.10.15
Registered adapter: snowflake=1.10.2
Unable to do partial parsing because saved manifest not found. Starting full parse.
[[33mWARNING[0m]: Configuration paths exist in your dbt_project.yml file which do not apply to any resources.
There are 1 unused configuration paths:
- models.ecommerce_analytics.example
Found 17 models, 5 sources, 499 macros

Concurrency: 4 threads (target='dev')

1 of 17 START sql view model staging.stg_customers ............................. [RUN]
2 of 17 START sql view model staging.stg_orders ................................ [RUN]
3 of 17 START sql view model staging.stg_orders_items .......................... [RUN]
4 of 17 START sql table model staging.stg_payments ............................. [RUN]
2 of 17 OK created sql view model staging.stg_orders ........................... [[32mSUCCESS 1[0m in 0.43s]
1 of 17 OK created sql view model staging.stg_customers ........................ [[32mSUCCESS 1[0m in 0.43s]
3 of 17 OK created sql view model staging.stg_orders_items ..................... [[32mSUCCESS 1[0m in 0.43s]
5 of 17 START sql view model staging.stg_products .............................. [RUN]
6 of 17 START sql table model intermediate.int_customers ....................... [RUN]
7 of 17 START sql table model intermediate.int_orders_enriched ................. [RUN]
5 of 17 OK created sql view model staging.stg_products ......................... [[32mSUCCESS 1[0m in 0.44s]
8 of 17 START sql table model intermediate.int_order_items_enriched ............ [RUN]
6 of 17 OK created sql table model intermediate.int_customers .................. [[32mSUCCESS 1[0m in 2.69s]
9 of 17 START sql table model intermediate.int_products ........................ [RUN]
4 of 17 OK created sql table model staging.stg_payments ........................ [[32mSUCCESS 1[0m in 3.38s]
10 of 17 START sql table model marts.dim_customers ............................. [RUN]
8 of 17 OK created sql table model intermediate.int_order_items_enriched ....... [[32mSUCCESS 1[0m in 2.97s]
7 of 17 OK created sql table model intermediate.int_orders_enriched ............ [[32mSUCCESS 1[0m in 3.41s]
11 of 17 START sql table model intermediate.int_customer_orders ................ [RUN]
12 of 17 START sql table model intermediate.int_payments_details ............... [RUN]
10 of 17 OK created sql table model marts.dim_customers ........................ [[32mSUCCESS 1[0m in 1.18s]
13 of 17 START sql table model marts.fct_order_items ........................... [RUN]
9 of 17 OK created sql table model intermediate.int_products ................... [[32mSUCCESS 1[0m in 1.44s]
14 of 17 START sql table model marts.dim_products .............................. [RUN]
11 of 17 OK created sql table model intermediate.int_customer_orders ........... [[32mSUCCESS 1[0m in 1.63s]
15 of 17 START sql table model marts.fct_customer_orders ....................... [RUN]
12 of 17 OK created sql table model intermediate.int_payments_details .......... [[32mSUCCESS 1[0m in 1.65s]
16 of 17 START sql table model marts.fct_orders ................................ [RUN]
14 of 17 OK created sql table model marts.dim_products ......................... [[32mSUCCESS 1[0m in 0.97s]
17 of 17 START sql table model marts.fct_payments .............................. [RUN]
13 of 17 OK created sql table model marts.fct_order_items ...................... [[32mSUCCESS 1[0m in 1.52s]
16 of 17 OK created sql table model marts.fct_orders ........................... [[32mSUCCESS 1[0m in 1.00s]
15 of 17 OK created sql table model marts.fct_customer_orders .................. [[32mSUCCESS 1[0m in 1.10s]
17 of 17 OK created sql table model marts.fct_payments ......................... [[32mSUCCESS 1[0m in 1.37s]

Finished running 13 table models, 4 view models in 0 hours 0 minutes and 11.38 seconds (11.38s).

[32mCompleted successfully[0m

Done. PASS=17 WARN=0 ERROR=0 SKIP=0 NO-OP=0 TOTAL=17
