[0m17:18:02.649566 [debug] [MainThread]: Sending event: {'category': 'dbt', 'action': 'invocation', 'label': 'start', 'context': [<snowplow_tracker.self_describing_json.SelfDescribingJson object at 0x106c4a510>, <snowplow_tracker.self_describing_json.SelfDescribingJson object at 0x106cad410>, <snowplow_tracker.self_describing_json.SelfDescribingJson object at 0x106ccdbd0>]}


============================== 17:18:02.652233 | 6320813e-2881-44b0-a0c5-6b3fbc2b8fdf ==============================
[0m17:18:02.652233 [info ] [MainThread]: Running with dbt=1.10.15
[0m17:18:02.652583 [debug] [MainThread]: running dbt with arguments {'invocation_command': 'dbt init ecommerce_analytics --skip-profile-setup', 'printer_width': '80', 'quiet': 'False', 'partial_parse': 'True', 'warn_error_options': 'WarnErrorOptionsV2(error=[], warn=[], silence=[])', 'empty': 'None', 'cache_selected_only': 'False', 'profiles_dir': '/Users/teedotflims/.dbt', 'write_json': 'True', 'static_parser': 'True', 'use_colors': 'True', 'warn_error': 'None', 'debug': 'False', 'log_format': 'default', 'log_cache_events': 'False', 'indirect_selection': 'eager', 'use_experimental_parser': 'False', 'no_print': 'None', 'send_anonymous_usage_stats': 'True', 'version_check': 'True', 'introspect': 'True', 'fail_fast': 'False', 'target_path': 'None', 'log_path': 'logs'}
[0m17:18:02.685548 [info ] [MainThread]: A project called ecommerce_analytics already exists here.
[0m17:18:02.687084 [debug] [MainThread]: Resource report: {"command_name": "init", "command_success": true, "command_wall_clock_time": 0.07391875, "process_in_blocks": "0", "process_kernel_time": 0.151457, "process_mem_max_rss": "111099904", "process_out_blocks": "0", "process_user_time": 0.909738}
[0m17:18:02.687382 [debug] [MainThread]: Command `dbt init` succeeded at 17:18:02.687321 after 0.07 seconds
[0m17:18:02.687624 [debug] [MainThread]: Sending event: {'category': 'dbt', 'action': 'invocation', 'label': 'end', 'context': [<snowplow_tracker.self_describing_json.SelfDescribingJson object at 0x106cad410>, <snowplow_tracker.self_describing_json.SelfDescribingJson object at 0x106b84890>, <snowplow_tracker.self_describing_json.SelfDescribingJson object at 0x106ccc610>]}
[0m17:18:02.687855 [debug] [MainThread]: Flushing usage events
[0m17:18:03.496029 [debug] [MainThread]: An error was encountered while trying to flush usage events
[0m17:18:21.075152 [debug] [MainThread]: Sending event: {'category': 'dbt', 'action': 'invocation', 'label': 'start', 'context': [<snowplow_tracker.self_describing_json.SelfDescribingJson object at 0x113c13c90>, <snowplow_tracker.self_describing_json.SelfDescribingJson object at 0x113c15d50>, <snowplow_tracker.self_describing_json.SelfDescribingJson object at 0x113c35ed0>]}


============================== 17:18:21.077665 | f0419f33-3b32-4f76-830a-dbbf03d70e9f ==============================
[0m17:18:21.077665 [info ] [MainThread]: Running with dbt=1.10.15
[0m17:18:21.078011 [debug] [MainThread]: running dbt with arguments {'profiles_dir': '/Users/teedotflims/.dbt', 'indirect_selection': 'eager', 'invocation_command': 'dbt init ecommerce_analytics --skip-profile-setup', 'quiet': 'False', 'write_json': 'True', 'debug': 'False', 'target_path': 'None', 'use_experimental_parser': 'False', 'no_print': 'None', 'version_check': 'True', 'send_anonymous_usage_stats': 'True', 'use_colors': 'True', 'introspect': 'True', 'partial_parse': 'True', 'log_path': 'logs', 'warn_error': 'None', 'cache_selected_only': 'False', 'empty': 'None', 'static_parser': 'True', 'log_cache_events': 'False', 'printer_width': '80', 'log_format': 'default', 'warn_error_options': 'WarnErrorOptionsV2(error=[], warn=[], silence=[])', 'fail_fast': 'False'}
[0m17:18:21.084717 [debug] [MainThread]: Starter project path: /Users/teedotflims/projects/batch-data-pipeline/.venv/lib/python3.11/site-packages/dbt/include/starter_project
[0m17:18:21.088805 [info ] [MainThread]: 
Your new dbt project "ecommerce_analytics" was created!

For more information on how to configure the profiles.yml file,
please consult the dbt documentation here:

  https://docs.getdbt.com/docs/configure-your-profile

One more thing:

Need help? Don't hesitate to reach out to us via GitHub issues or on Slack:

  https://community.getdbt.com/

Happy modeling!

[0m17:18:21.089756 [debug] [MainThread]: Resource report: {"command_name": "init", "command_success": true, "command_wall_clock_time": 0.048640165, "process_in_blocks": "0", "process_kernel_time": 0.148375, "process_mem_max_rss": "108576768", "process_out_blocks": "0", "process_user_time": 0.879639}
[0m17:18:21.090044 [debug] [MainThread]: Command `dbt init` succeeded at 17:18:21.089988 after 0.05 seconds
[0m17:18:21.090266 [debug] [MainThread]: Sending event: {'category': 'dbt', 'action': 'invocation', 'label': 'end', 'context': [<snowplow_tracker.self_describing_json.SelfDescribingJson object at 0x113c13bd0>, <snowplow_tracker.self_describing_json.SelfDescribingJson object at 0x104e4d8d0>, <snowplow_tracker.self_describing_json.SelfDescribingJson object at 0x104ea4e90>]}
[0m17:18:21.090490 [debug] [MainThread]: Flushing usage events
[0m17:18:21.614708 [debug] [MainThread]: An error was encountered while trying to flush usage events
